{
  "RSpec": {
    "coverage": {
      "/Users/heatherdalton/makers_projects/databases/chitter/chitter-challenge-apprenticeships/app.rb": {
        "lines": [
          1,
          1,
          null,
          1,
          1,
          1,
          null,
          null,
          1,
          2,
          2,
          null,
          null,
          1,
          1,
          1,
          null,
          null,
          null,
          1,
          null
        ]
      },
      "/Users/heatherdalton/makers_projects/databases/chitter/chitter-challenge-apprenticeships/lib/messages.rb": {
        "lines": [
          1,
          null,
          1,
          null,
          1,
          null,
          4,
          null,
          null,
          null,
          null,
          4,
          4,
          4,
          4,
          8,
          null,
          null
        ]
      },
      "/Users/heatherdalton/makers_projects/databases/chitter/chitter-challenge-apprenticeships/spec/features/messages_spec.rb": {
        "lines": [
          1,
          1,
          1,
          1,
          1,
          null,
          1,
          null,
          null
        ]
      },
      "/Users/heatherdalton/makers_projects/databases/chitter/chitter-challenge-apprenticeships/spec/features/new_peep_spec.rb": {
        "lines": [
          1,
          1,
          1,
          1,
          0,
          null,
          0,
          null,
          null
        ]
      },
      "/Users/heatherdalton/makers_projects/databases/chitter/chitter-challenge-apprenticeships/spec/features/test_page_spec.rb": {
        "lines": [
          1,
          1,
          1,
          1,
          null,
          null
        ]
      },
      "/Users/heatherdalton/makers_projects/databases/chitter/chitter-challenge-apprenticeships/spec/unit/messages_spec.rb": {
        "lines": [
          1,
          1,
          1,
          1,
          1,
          null,
          1,
          null,
          null,
          null
        ]
      }
    },
    "timestamp": 1628851731
  }
}
